<?xml version="1.0" encoding="UTF-8"?>
<testsuite xmlns:xsi="http://www.w3.org/2001/XMLSchema-instance" xsi:noNamespaceSchemaLocation="https://maven.apache.org/surefire/maven-surefire-plugin/xsd/surefire-test-report.xsd" name="jar.AppTest" time="0.108" tests="1" errors="0" skipped="0" failures="0">
  <properties>
    <property name="sun.desktop" value="windows"/>
    <property name="jpda.address" value="64233"/>
    <property name="awt.toolkit" value="sun.awt.windows.WToolkit"/>
    <property name="file.encoding.pkg" value="sun.io"/>
    <property name="java.specification.version" value="1.8"/>
    <property name="sun.cpu.isalist" value="amd64"/>
    <property name="sun.jnu.encoding" value="Cp1252"/>
    <property name="java.class.path" value="Z:\9 Sem\IR\lucene_demo\app\target\test-classes;Z:\9 Sem\IR\lucene_demo\app\target\classes;C:\Users\TEMP.CS2K16.012\.m2\repository\edu\uci\ics\crawler4j\4.4.0\crawler4j-4.4.0.jar;C:\Users\TEMP.CS2K16.012\.m2\repository\org\slf4j\slf4j-api\1.7.22\slf4j-api-1.7.22.jar;C:\Users\TEMP.CS2K16.012\.m2\repository\ch\qos\logback\logback-classic\1.1.7\logback-classic-1.1.7.jar;C:\Users\TEMP.CS2K16.012\.m2\repository\ch\qos\logback\logback-core\1.1.7\logback-core-1.1.7.jar;C:\Users\TEMP.CS2K16.012\.m2\repository\com\google\guava\guava\24.0-jre\guava-24.0-jre.jar;C:\Users\TEMP.CS2K16.012\.m2\repository\com\google\code\findbugs\jsr305\1.3.9\jsr305-1.3.9.jar;C:\Users\TEMP.CS2K16.012\.m2\repository\org\checkerframework\checker-compat-qual\2.0.0\checker-compat-qual-2.0.0.jar;C:\Users\TEMP.CS2K16.012\.m2\repository\com\google\errorprone\error_prone_annotations\2.1.3\error_prone_annotations-2.1.3.jar;C:\Users\TEMP.CS2K16.012\.m2\repository\com\google\j2objc\j2objc-annotations\1.1\j2objc-annotations-1.1.jar;C:\Users\TEMP.CS2K16.012\.m2\repository\org\codehaus\mojo\animal-sniffer-annotations\1.14\animal-sniffer-annotations-1.14.jar;C:\Users\TEMP.CS2K16.012\.m2\repository\org\apache\httpcomponents\httpclient\4.5.3\httpclient-4.5.3.jar;C:\Users\TEMP.CS2K16.012\.m2\repository\org\apache\httpcomponents\httpcore\4.4.6\httpcore-4.4.6.jar;C:\Users\TEMP.CS2K16.012\.m2\repository\commons-logging\commons-logging\1.2\commons-logging-1.2.jar;C:\Users\TEMP.CS2K16.012\.m2\repository\commons-codec\commons-codec\1.9\commons-codec-1.9.jar;C:\Users\TEMP.CS2K16.012\.m2\repository\com\sleepycat\je\5.0.84\je-5.0.84.jar;C:\Users\TEMP.CS2K16.012\.m2\repository\org\apache\tika\tika-parsers\1.16\tika-parsers-1.16.jar;C:\Users\TEMP.CS2K16.012\.m2\repository\org\apache\tika\tika-core\1.16\tika-core-1.16.jar;C:\Users\TEMP.CS2K16.012\.m2\repository\org\apache\james\apache-mime4j-core\0.8.1\apache-mime4j-core-0.8.1.jar;C:\Users\TEMP.CS2K16.012\.m2\repository\org\apache\james\apache-mime4j-dom\0.8.1\apache-mime4j-dom-0.8.1.jar;C:\Users\TEMP.CS2K16.012\.m2\repository\org\ccil\cowan\tagsoup\tagsoup\1.2.1\tagsoup-1.2.1.jar;C:\Users\TEMP.CS2K16.012\.m2\repository\commons-io\commons-io\2.5\commons-io-2.5.jar;C:\Users\TEMP.CS2K16.012\.m2\repository\org\slf4j\jul-to-slf4j\1.7.24\jul-to-slf4j-1.7.24.jar;C:\Users\TEMP.CS2K16.012\.m2\repository\org\slf4j\jcl-over-slf4j\1.7.24\jcl-over-slf4j-1.7.24.jar;C:\Users\TEMP.CS2K16.012\.m2\repository\org\apache\lucene\lucene-analyzers-common\8.1.1\lucene-analyzers-common-8.1.1.jar;C:\Users\TEMP.CS2K16.012\.m2\repository\org\apache\lucene\lucene-core\8.1.1\lucene-core-8.1.1.jar;C:\Users\TEMP.CS2K16.012\.m2\repository\org\apache\lucene\lucene-queryparser\8.1.1\lucene-queryparser-8.1.1.jar;C:\Users\TEMP.CS2K16.012\.m2\repository\org\apache\lucene\lucene-queries\8.1.1\lucene-queries-8.1.1.jar;C:\Users\TEMP.CS2K16.012\.m2\repository\org\apache\lucene\lucene-sandbox\8.1.1\lucene-sandbox-8.1.1.jar;C:\Users\TEMP.CS2K16.012\.m2\repository\junit\junit\4.11\junit-4.11.jar;C:\Users\TEMP.CS2K16.012\.m2\repository\org\hamcrest\hamcrest-core\1.3\hamcrest-core-1.3.jar;"/>
    <property name="java.vm.vendor" value="Oracle Corporation"/>
    <property name="sun.arch.data.model" value="64"/>
    <property name="user.variant" value=""/>
    <property name="java.vendor.url" value="http://java.oracle.com/"/>
    <property name="user.timezone" value=""/>
    <property name="forkMode" value="once"/>
    <property name="java.vm.specification.version" value="1.8"/>
    <property name="os.name" value="Windows 8.1"/>
    <property name="sun.java.launcher" value="SUN_STANDARD"/>
    <property name="user.country" value="US"/>
    <property name="sun.boot.library.path" value="C:\Program Files\Java\jdk1.8.0_101\jre\bin"/>
    <property name="sun.java.command" value="C:\Users\TEMPCS~1.012\AppData\Local\Temp\surefire2357629811834605835\surefirebooter3177330527621473631.jar C:\Users\TEMP.CS2K16.012\AppData\Local\Temp\surefire2357629811834605835 2019-07-16T10-34-08_306-jvmRun1 surefire144082652157408598tmp surefire_07555399688703801108tmp"/>
    <property name="test" value="jar.AppTest"/>
    <property name="surefire.test.class.path" value="Z:\9 Sem\IR\lucene_demo\app\target\test-classes;Z:\9 Sem\IR\lucene_demo\app\target\classes;C:\Users\TEMP.CS2K16.012\.m2\repository\edu\uci\ics\crawler4j\4.4.0\crawler4j-4.4.0.jar;C:\Users\TEMP.CS2K16.012\.m2\repository\org\slf4j\slf4j-api\1.7.22\slf4j-api-1.7.22.jar;C:\Users\TEMP.CS2K16.012\.m2\repository\ch\qos\logback\logback-classic\1.1.7\logback-classic-1.1.7.jar;C:\Users\TEMP.CS2K16.012\.m2\repository\ch\qos\logback\logback-core\1.1.7\logback-core-1.1.7.jar;C:\Users\TEMP.CS2K16.012\.m2\repository\com\google\guava\guava\24.0-jre\guava-24.0-jre.jar;C:\Users\TEMP.CS2K16.012\.m2\repository\com\google\code\findbugs\jsr305\1.3.9\jsr305-1.3.9.jar;C:\Users\TEMP.CS2K16.012\.m2\repository\org\checkerframework\checker-compat-qual\2.0.0\checker-compat-qual-2.0.0.jar;C:\Users\TEMP.CS2K16.012\.m2\repository\com\google\errorprone\error_prone_annotations\2.1.3\error_prone_annotations-2.1.3.jar;C:\Users\TEMP.CS2K16.012\.m2\repository\com\google\j2objc\j2objc-annotations\1.1\j2objc-annotations-1.1.jar;C:\Users\TEMP.CS2K16.012\.m2\repository\org\codehaus\mojo\animal-sniffer-annotations\1.14\animal-sniffer-annotations-1.14.jar;C:\Users\TEMP.CS2K16.012\.m2\repository\org\apache\httpcomponents\httpclient\4.5.3\httpclient-4.5.3.jar;C:\Users\TEMP.CS2K16.012\.m2\repository\org\apache\httpcomponents\httpcore\4.4.6\httpcore-4.4.6.jar;C:\Users\TEMP.CS2K16.012\.m2\repository\commons-logging\commons-logging\1.2\commons-logging-1.2.jar;C:\Users\TEMP.CS2K16.012\.m2\repository\commons-codec\commons-codec\1.9\commons-codec-1.9.jar;C:\Users\TEMP.CS2K16.012\.m2\repository\com\sleepycat\je\5.0.84\je-5.0.84.jar;C:\Users\TEMP.CS2K16.012\.m2\repository\org\apache\tika\tika-parsers\1.16\tika-parsers-1.16.jar;C:\Users\TEMP.CS2K16.012\.m2\repository\org\apache\tika\tika-core\1.16\tika-core-1.16.jar;C:\Users\TEMP.CS2K16.012\.m2\repository\org\apache\james\apache-mime4j-core\0.8.1\apache-mime4j-core-0.8.1.jar;C:\Users\TEMP.CS2K16.012\.m2\repository\org\apache\james\apache-mime4j-dom\0.8.1\apache-mime4j-dom-0.8.1.jar;C:\Users\TEMP.CS2K16.012\.m2\repository\org\ccil\cowan\tagsoup\tagsoup\1.2.1\tagsoup-1.2.1.jar;C:\Users\TEMP.CS2K16.012\.m2\repository\commons-io\commons-io\2.5\commons-io-2.5.jar;C:\Users\TEMP.CS2K16.012\.m2\repository\org\slf4j\jul-to-slf4j\1.7.24\jul-to-slf4j-1.7.24.jar;C:\Users\TEMP.CS2K16.012\.m2\repository\org\slf4j\jcl-over-slf4j\1.7.24\jcl-over-slf4j-1.7.24.jar;C:\Users\TEMP.CS2K16.012\.m2\repository\org\apache\lucene\lucene-analyzers-common\8.1.1\lucene-analyzers-common-8.1.1.jar;C:\Users\TEMP.CS2K16.012\.m2\repository\org\apache\lucene\lucene-core\8.1.1\lucene-core-8.1.1.jar;C:\Users\TEMP.CS2K16.012\.m2\repository\org\apache\lucene\lucene-queryparser\8.1.1\lucene-queryparser-8.1.1.jar;C:\Users\TEMP.CS2K16.012\.m2\repository\org\apache\lucene\lucene-queries\8.1.1\lucene-queries-8.1.1.jar;C:\Users\TEMP.CS2K16.012\.m2\repository\org\apache\lucene\lucene-sandbox\8.1.1\lucene-sandbox-8.1.1.jar;C:\Users\TEMP.CS2K16.012\.m2\repository\junit\junit\4.11\junit-4.11.jar;C:\Users\TEMP.CS2K16.012\.m2\repository\org\hamcrest\hamcrest-core\1.3\hamcrest-core-1.3.jar;"/>
    <property name="sun.cpu.endian" value="little"/>
    <property name="user.home" value="C:\Users\TEMP.CS2K16.012"/>
    <property name="user.language" value="en"/>
    <property name="java.specification.vendor" value="Oracle Corporation"/>
    <property name="java.home" value="C:\Program Files\Java\jdk1.8.0_101\jre"/>
    <property name="basedir" value="Z:\9 Sem\IR\lucene_demo\app"/>
    <property name="file.separator" value="\"/>
    <property name="line.separator" value="&#10;"/>
    <property name="java.vm.specification.vendor" value="Oracle Corporation"/>
    <property name="java.specification.name" value="Java Platform API Specification"/>
    <property name="java.awt.graphicsenv" value="sun.awt.Win32GraphicsEnvironment"/>
    <property name="surefire.real.class.path" value="C:\Users\TEMPCS~1.012\AppData\Local\Temp\surefire2357629811834605835\surefirebooter3177330527621473631.jar"/>
    <property name="sun.boot.class.path" value="C:\Program Files\Java\jdk1.8.0_101\jre\lib\resources.jar;C:\Program Files\Java\jdk1.8.0_101\jre\lib\rt.jar;C:\Program Files\Java\jdk1.8.0_101\jre\lib\sunrsasign.jar;C:\Program Files\Java\jdk1.8.0_101\jre\lib\jsse.jar;C:\Program Files\Java\jdk1.8.0_101\jre\lib\jce.jar;C:\Program Files\Java\jdk1.8.0_101\jre\lib\charsets.jar;C:\Program Files\Java\jdk1.8.0_101\jre\lib\jfr.jar;C:\Program Files\Java\jdk1.8.0_101\jre\classes"/>
    <property name="user.script" value=""/>
    <property name="sun.management.compiler" value="HotSpot 64-Bit Tiered Compilers"/>
    <property name="java.runtime.version" value="1.8.0_101-b13"/>
    <property name="user.name" value="15pt25"/>
    <property name="path.separator" value=";"/>
    <property name="os.version" value="6.3"/>
    <property name="java.endorsed.dirs" value="C:\Program Files\Java\jdk1.8.0_101\jre\lib\endorsed"/>
    <property name="java.runtime.name" value="Java(TM) SE Runtime Environment"/>
    <property name="file.encoding" value="UTF-8"/>
    <property name="java.vm.name" value="Java HotSpot(TM) 64-Bit Server VM"/>
    <property name="jpda.listen" value="true"/>
    <property name="maven.ext.class.path" value="C:\Program Files\NetBeans 8.2\java\maven-nblib\netbeans-eventspy.jar"/>
    <property name="localRepository" value="C:\Users\TEMP.CS2K16.012\.m2\repository"/>
    <property name="java.vendor.url.bug" value="http://bugreport.sun.com/bugreport/"/>
    <property name="java.io.tmpdir" value="C:\Users\TEMPCS~1.012\AppData\Local\Temp\"/>
    <property name="java.version" value="1.8.0_101"/>
    <property name="user.dir" value="Z:\9 Sem\IR\lucene_demo\app"/>
    <property name="os.arch" value="amd64"/>
    <property name="java.vm.specification.name" value="Java Virtual Machine Specification"/>
    <property name="java.awt.printerjob" value="sun.awt.windows.WPrinterJob"/>
    <property name="sun.os.patch.level" value=""/>
    <property name="java.library.path" value="C:\Program Files\Java\jdk1.8.0_101\jre\bin;C:\Windows\Sun\Java\bin;C:\Windows\system32;C:\Windows;C:\ProgramData\Oracle\Java\javapath;C:\Windows\system32;C:\Windows;C:\Windows\System32\Wbem;C:\Windows\System32\WindowsPowerShell\v1.0\;C:\Program Files (x86)\Microsoft SQL Server\100\Tools\Binn\;C:\Program Files\Microsoft SQL Server\100\Tools\Binn\;C:\Program Files\Microsoft SQL Server\100\DTS\Binn\;C:\Program Files\Microsoft SQL Server\120\DTS\Binn\;C:\Program Files\Microsoft SQL Server\Client SDK\ODBC\110\Tools\Binn\;C:\Program Files (x86)\Microsoft SQL Server\120\Tools\Binn\;C:\Program Files\Microsoft SQL Server\120\Tools\Binn\;C:\Program Files (x86)\Microsoft SQL Server\120\Tools\Binn\ManagementStudio\;C:\Program Files (x86)\Microsoft SQL Server\120\DTS\Binn\;C:\Program Files\MATLAB\R2016a\runtime\win64;C:\Program Files\MATLAB\R2016a\bin;C:\Program Files\MATLAB\R2016a\polyspace\bin;C:\Program Files (x86)\Microsoft SQL Server\110\Tools\Binn\ManagementStudio\;C:\Program Files (x86)\Microsoft SQL Server\110\Tools\Binn\;C:\Program Files (x86)\Microsoft Visual Studio 11.0\Common7\IDE\PrivateAssemblies\;C:\Program Files (x86)\Microsoft SQL Server\110\DTS\Binn\;."/>
    <property name="java.vm.info" value="mixed mode"/>
    <property name="java.vendor" value="Oracle Corporation"/>
    <property name="java.vm.version" value="25.101-b13"/>
    <property name="java.ext.dirs" value="C:\Program Files\Java\jdk1.8.0_101\jre\lib\ext;C:\Windows\Sun\Java\lib\ext"/>
    <property name="sun.io.unicode.encoding" value="UnicodeLittle"/>
    <property name="java.class.version" value="52.0"/>
    <property name="maven.surefire.debug" value="-Xdebug -Xrunjdwp:transport=dt_socket,server=n,address=64233"/>
  </properties>
  <testcase name="shouldAnswerWithTrue" classname="jar.AppTest" time="0.004"/>
</testsuite>